0 info it worked if it ends with ok
1 verbose cli [ 'C:\\Program Files\\nodejs\\node.exe',
1 verbose cli   'C:\\Program Files\\nodejs\\node_modules\\npm\\bin\\npm-cli.js',
1 verbose cli   'run',
1 verbose cli   'dev' ]
2 info using npm@3.10.3
3 info using node@v6.7.0
4 verbose run-script [ 'predev', 'dev', 'postdev' ]
5 info lifecycle yilia@3.0.0~predev: yilia@3.0.0
6 silly lifecycle yilia@3.0.0~predev: no script for predev, continuing
7 info lifecycle yilia@3.0.0~dev: yilia@3.0.0
8 verbose lifecycle yilia@3.0.0~dev: unsafe-perm in lifecycle true
9 verbose lifecycle yilia@3.0.0~dev: PATH: C:\Program Files\nodejs\node_modules\npm\bin\node-gyp-bin;e:\hexo\themes\yilia\node_modules\.bin;C:\Program Files\nodejs;C:\Windows\system32;C:\Windows;C:\Windows\System32\Wbem;C:\Windows\System32\WindowsPowerShell\v1.0\;C:\Program Files (x86)\NVIDIA Corporation\PhysX\Common;C:\Program Files\Java\jdk1.7.0_79\bin;C:\Program Files (x86)\IDM Computer Solutions\UltraEdit;D:\Program Files\TortoiseSVN\bin;C:\Program Files (x86)\Git\cmd;D:\tool\apache-maven-3.3.9\bin;C:\Program Files\TortoiseGit\bin;D:\Python27;;D:\Anaconda2;D:\Anaconda2\Scripts;D:\Anaconda2\Library\bin;C:\Program Files\nodejs\;C:\Users\xijiangping\AppData\Roaming\npm
10 verbose lifecycle yilia@3.0.0~dev: CWD: e:\hexo\themes\yilia
11 silly lifecycle yilia@3.0.0~dev: Args: [ '/d /s /c', 'webpack' ]
12 silly lifecycle yilia@3.0.0~dev: Returned: code: 1  signal: null
13 info lifecycle yilia@3.0.0~dev: Failed to exec dev script
14 verbose stack Error: yilia@3.0.0 dev: `webpack`
14 verbose stack Exit status 1
14 verbose stack     at EventEmitter.<anonymous> (C:\Program Files\nodejs\node_modules\npm\lib\utils\lifecycle.js:242:16)
14 verbose stack     at emitTwo (events.js:106:13)
14 verbose stack     at EventEmitter.emit (events.js:191:7)
14 verbose stack     at ChildProcess.<anonymous> (C:\Program Files\nodejs\node_modules\npm\lib\utils\spawn.js:40:14)
14 verbose stack     at emitTwo (events.js:106:13)
14 verbose stack     at ChildProcess.emit (events.js:191:7)
14 verbose stack     at maybeClose (internal/child_process.js:877:16)
14 verbose stack     at Process.ChildProcess._handle.onexit (internal/child_process.js:226:5)
15 verbose pkgid yilia@3.0.0
16 verbose cwd e:\hexo\themes\yilia\source
17 error Windows_NT 6.1.7601
18 error argv "C:\\Program Files\\nodejs\\node.exe" "C:\\Program Files\\nodejs\\node_modules\\npm\\bin\\npm-cli.js" "run" "dev"
19 error node v6.7.0
20 error npm  v3.10.3
21 error code ELIFECYCLE
22 error yilia@3.0.0 dev: `webpack`
22 error Exit status 1
23 error Failed at the yilia@3.0.0 dev script 'webpack'.
23 error Make sure you have the latest version of node.js and npm installed.
23 error If you do, this is most likely a problem with the yilia package,
23 error not with npm itself.
23 error Tell the author that this fails on your system:
23 error     webpack
23 error You can get information on how to open an issue for this project with:
23 error     npm bugs yilia
23 error Or if that isn't available, you can get their info via:
23 error     npm owner ls yilia
23 error There is likely additional logging output above.
24 verbose exit [ 1, true ]
